<?xml version="1.0" encoding="UTF-8"?>
<testsuite name="TestSuite" time="2.572" tests="29" errors="0" skipped="0" failures="0">
  <properties>
    <property name="java.runtime.name" value="Java(TM) SE Runtime Environment"/>
    <property name="sun.boot.library.path" value="/usr/lib/jvm/java-8-oracle/jre/lib/amd64"/>
    <property name="java.vm.version" value="25.144-b01"/>
    <property name="java.vm.vendor" value="Oracle Corporation"/>
    <property name="java.vendor.url" value="http://java.oracle.com/"/>
    <property name="path.separator" value=":"/>
    <property name="guice.disable.misplaced.annotation.check" value="true"/>
    <property name="java.vm.name" value="Java HotSpot(TM) 64-Bit Server VM"/>
    <property name="file.encoding.pkg" value="sun.io"/>
    <property name="user.country" value="US"/>
    <property name="sun.java.launcher" value="SUN_STANDARD"/>
    <property name="sun.os.patch.level" value="unknown"/>
    <property name="java.vm.specification.name" value="Java Virtual Machine Specification"/>
    <property name="user.dir" value="/home/christian/eclipse-workspace/project-calculator-christianh"/>
    <property name="java.runtime.version" value="1.8.0_144-b01"/>
    <property name="java.awt.graphicsenv" value="sun.awt.X11GraphicsEnvironment"/>
    <property name="java.endorsed.dirs" value="/usr/lib/jvm/java-8-oracle/jre/lib/endorsed"/>
    <property name="os.arch" value="amd64"/>
    <property name="java.io.tmpdir" value="/tmp"/>
    <property name="line.separator" value="&#10;"/>
    <property name="java.vm.specification.vendor" value="Oracle Corporation"/>
    <property name="os.name" value="Linux"/>
    <property name="classworlds.conf" value="/usr/share/maven/bin/m2.conf"/>
    <property name="sun.jnu.encoding" value="UTF-8"/>
    <property name="java.library.path" value="/usr/java/packages/lib/amd64:/usr/lib64:/lib64:/lib:/usr/lib"/>
    <property name="java.specification.name" value="Java Platform API Specification"/>
    <property name="java.class.version" value="52.0"/>
    <property name="sun.management.compiler" value="HotSpot 64-Bit Tiered Compilers"/>
    <property name="os.version" value="4.4.0-31-generic"/>
    <property name="user.home" value="/home/christian"/>
    <property name="user.timezone" value="Europe/Stockholm"/>
    <property name="java.awt.printerjob" value="sun.print.PSPrinterJob"/>
    <property name="file.encoding" value="UTF-8"/>
    <property name="java.specification.version" value="1.8"/>
    <property name="user.name" value="christian"/>
    <property name="java.class.path" value="/usr/share/maven/boot/plexus-classworlds-2.x.jar"/>
    <property name="java.vm.specification.version" value="1.8"/>
    <property name="sun.arch.data.model" value="64"/>
    <property name="java.home" value="/usr/lib/jvm/java-8-oracle/jre"/>
    <property name="sun.java.command" value="org.codehaus.plexus.classworlds.launcher.Launcher clean install -U"/>
    <property name="java.specification.vendor" value="Oracle Corporation"/>
    <property name="user.language" value="en"/>
    <property name="awt.toolkit" value="sun.awt.X11.XToolkit"/>
    <property name="java.vm.info" value="mixed mode"/>
    <property name="java.version" value="1.8.0_144"/>
    <property name="java.ext.dirs" value="/usr/lib/jvm/java-8-oracle/jre/lib/ext:/usr/java/packages/lib/ext"/>
    <property name="securerandom.source" value="file:/dev/./urandom"/>
    <property name="sun.boot.class.path" value="/usr/lib/jvm/java-8-oracle/jre/lib/resources.jar:/usr/lib/jvm/java-8-oracle/jre/lib/rt.jar:/usr/lib/jvm/java-8-oracle/jre/lib/sunrsasign.jar:/usr/lib/jvm/java-8-oracle/jre/lib/jsse.jar:/usr/lib/jvm/java-8-oracle/jre/lib/jce.jar:/usr/lib/jvm/java-8-oracle/jre/lib/charsets.jar:/usr/lib/jvm/java-8-oracle/jre/lib/jfr.jar:/usr/lib/jvm/java-8-oracle/jre/classes"/>
    <property name="java.vendor" value="Oracle Corporation"/>
    <property name="maven.home" value="/usr/share/maven"/>
    <property name="file.separator" value="/"/>
    <property name="java.vendor.url.bug" value="http://bugreport.sun.com/bugreport/"/>
    <property name="sun.cpu.endian" value="little"/>
    <property name="sun.io.unicode.encoding" value="UnicodeLittle"/>
    <property name="sun.desktop" value="gnome"/>
    <property name="sun.cpu.isalist" value=""/>
  </properties>
  <testcase name="testMultiplicationWithNegativeNumbers on testMultiplicationWithNegativeNumbers(assignment05.project_calculator_christianh.CalculatorBasicOperationsTest)" classname="assignment05.project_calculator_christianh.CalculatorBasicOperationsTest" time="0.415"/>
  <testcase name="testSubtractionWithZero on testSubtractionWithZero(assignment05.project_calculator_christianh.CalculatorBasicOperationsTest)" classname="assignment05.project_calculator_christianh.CalculatorBasicOperationsTest" time="0.265"/>
  <testcase name="testMultiplicationWithZeros on testMultiplicationWithZeros(assignment05.project_calculator_christianh.CalculatorBasicOperationsTest)" classname="assignment05.project_calculator_christianh.CalculatorBasicOperationsTest" time="0.156"/>
  <testcase name="testDivisionWithZeros on testDivisionWithZeros(assignment05.project_calculator_christianh.CalculatorBasicOperationsTest)" classname="assignment05.project_calculator_christianh.CalculatorBasicOperationsTest" time="0.146"/>
  <testcase name="testDivisionWithPositiveNumbers on testDivisionWithPositiveNumbers(assignment05.project_calculator_christianh.CalculatorBasicOperationsTest)" classname="assignment05.project_calculator_christianh.CalculatorBasicOperationsTest" time="0.136"/>
  <testcase name="testDivisionWithNegativeNumbers on testDivisionWithNegativeNumbers(assignment05.project_calculator_christianh.CalculatorBasicOperationsTest)" classname="assignment05.project_calculator_christianh.CalculatorBasicOperationsTest" time="0.108"/>
  <testcase name="testSubtractionWithPositiveNumbers on testSubtractionWithPositiveNumbers(assignment05.project_calculator_christianh.CalculatorBasicOperationsTest)" classname="assignment05.project_calculator_christianh.CalculatorBasicOperationsTest" time="0.114"/>
  <testcase name="testAdditionWithZero on testAdditionWithZero(assignment05.project_calculator_christianh.CalculatorBasicOperationsTest)" classname="assignment05.project_calculator_christianh.CalculatorBasicOperationsTest" time="0.126"/>
  <testcase name="testSubtractionWithNegativeNumbers on testSubtractionWithNegativeNumbers(assignment05.project_calculator_christianh.CalculatorBasicOperationsTest)" classname="assignment05.project_calculator_christianh.CalculatorBasicOperationsTest" time="0.058"/>
  <testcase name="testAdditionWithPositiveNumbers on testAdditionWithPositiveNumbers(assignment05.project_calculator_christianh.CalculatorBasicOperationsTest)" classname="assignment05.project_calculator_christianh.CalculatorBasicOperationsTest" time="0.057"/>
  <testcase name="testMultiplicationWithPositiveNumbers on testMultiplicationWithPositiveNumbers(assignment05.project_calculator_christianh.CalculatorBasicOperationsTest)" classname="assignment05.project_calculator_christianh.CalculatorBasicOperationsTest" time="0.084"/>
  <testcase name="testAdditionWithNegativeNumbers on testAdditionWithNegativeNumbers(assignment05.project_calculator_christianh.CalculatorBasicOperationsTest)" classname="assignment05.project_calculator_christianh.CalculatorBasicOperationsTest" time="0.064"/>
  <testcase name="testRandomWithPositiveNumbers on testRandomWithPositiveNumbers(assignment05.project_calculator_christianh.CalculatorAdvancedOperationsTest)" classname="assignment05.project_calculator_christianh.CalculatorAdvancedOperationsTest" time="0.057"/>
  <testcase name="testRandomWithNegativeNumbers on testRandomWithNegativeNumbers(assignment05.project_calculator_christianh.CalculatorAdvancedOperationsTest)" classname="assignment05.project_calculator_christianh.CalculatorAdvancedOperationsTest" time="0.054"/>
  <testcase name="testtoDegreesWithZeros on testtoDegreesWithZeros(assignment05.project_calculator_christianh.CalculatorAdvancedOperationsTest)" classname="assignment05.project_calculator_christianh.CalculatorAdvancedOperationsTest" time="0.044"/>
  <testcase name="testtoRadiansWithPositiveNumbers on testtoRadiansWithPositiveNumbers(assignment05.project_calculator_christianh.CalculatorAdvancedOperationsTest)" classname="assignment05.project_calculator_christianh.CalculatorAdvancedOperationsTest" time="0.063"/>
  <testcase name="testtoRadiansWithZeros on testtoRadiansWithZeros(assignment05.project_calculator_christianh.CalculatorAdvancedOperationsTest)" classname="assignment05.project_calculator_christianh.CalculatorAdvancedOperationsTest" time="0.04"/>
  <testcase name="testabsoluteValueWithZeros on testabsoluteValueWithZeros(assignment05.project_calculator_christianh.CalculatorAdvancedOperationsTest)" classname="assignment05.project_calculator_christianh.CalculatorAdvancedOperationsTest" time="0.042"/>
  <testcase name="testtoRadiansWithNegativeNumbers on testtoRadiansWithNegativeNumbers(assignment05.project_calculator_christianh.CalculatorAdvancedOperationsTest)" classname="assignment05.project_calculator_christianh.CalculatorAdvancedOperationsTest" time="0.049"/>
  <testcase name="testabsoluteValueWithPositiveNumbers on testabsoluteValueWithPositiveNumbers(assignment05.project_calculator_christianh.CalculatorAdvancedOperationsTest)" classname="assignment05.project_calculator_christianh.CalculatorAdvancedOperationsTest" time="0.052"/>
  <testcase name="testabsoluteValueWithNegativeNumbers on testabsoluteValueWithNegativeNumbers(assignment05.project_calculator_christianh.CalculatorAdvancedOperationsTest)" classname="assignment05.project_calculator_christianh.CalculatorAdvancedOperationsTest" time="0.031"/>
  <testcase name="testtoDegreesWithPositiveNumbers on testtoDegreesWithPositiveNumbers(assignment05.project_calculator_christianh.CalculatorAdvancedOperationsTest)" classname="assignment05.project_calculator_christianh.CalculatorAdvancedOperationsTest" time="0.058"/>
  <testcase name="testtoDegreesWithNegativeNumbers on testtoDegreesWithNegativeNumbers(assignment05.project_calculator_christianh.CalculatorAdvancedOperationsTest)" classname="assignment05.project_calculator_christianh.CalculatorAdvancedOperationsTest" time="0.049"/>
  <testcase name="testSquareWithPositiveNumbers on testSquareWithPositiveNumbers(assignment05.project_calculator_christianh.CalculatorAdvancedOperationsTest)" classname="assignment05.project_calculator_christianh.CalculatorAdvancedOperationsTest" time="0.045"/>
  <testcase name="testSquareWithNegativeNumbers on testSquareWithNegativeNumbers(assignment05.project_calculator_christianh.CalculatorAdvancedOperationsTest)" classname="assignment05.project_calculator_christianh.CalculatorAdvancedOperationsTest" time="0.033"/>
  <testcase name="testRandomWithZeros on testRandomWithZeros(assignment05.project_calculator_christianh.CalculatorAdvancedOperationsTest)" classname="assignment05.project_calculator_christianh.CalculatorAdvancedOperationsTest" time="0.091"/>
  <testcase name="testSquareWithZeros on testSquareWithZeros(assignment05.project_calculator_christianh.CalculatorAdvancedOperationsTest)" classname="assignment05.project_calculator_christianh.CalculatorAdvancedOperationsTest" time="0.049"/>
  <testcase name="testLogWithPositiveNumbers on testLogWithPositiveNumbers(assignment05.project_calculator_christianh.CalculatorAdvancedOperationsTest)" classname="assignment05.project_calculator_christianh.CalculatorAdvancedOperationsTest" time="0.043"/>
  <testcase name="testLogWithNegativeNumbers on testLogWithNegativeNumbers(assignment05.project_calculator_christianh.CalculatorAdvancedOperationsTest)" classname="assignment05.project_calculator_christianh.CalculatorAdvancedOperationsTest" time="0.043"/>
</testsuite>