<?xml version="1.0" encoding="UTF-8"?>
<!-- Generated by org.testng.reporters.JUnitReportReporter -->
<testsuite hostname="christian-VirtualBox" name="assignment05.project_calculator_christianh.CalculatorBasicOperationsTest" tests="12" failures="0" timestamp="12 Dec 2017 16:55:11 GMT" time="1.603" errors="0">
  <testcase name="testAdditionWithNegativeNumbers" time="0.066" classname="assignment05.project_calculator_christianh.CalculatorBasicOperationsTest"/>
  <testcase name="testMultiplicationWithNegativeNumbers" time="0.382" classname="assignment05.project_calculator_christianh.CalculatorBasicOperationsTest"/>
  <testcase name="testMultiplicationWithPositiveNumbers" time="0.091" classname="assignment05.project_calculator_christianh.CalculatorBasicOperationsTest"/>
  <testcase name="testSubtractionWithZero" time="0.243" classname="assignment05.project_calculator_christianh.CalculatorBasicOperationsTest"/>
  <testcase name="testAdditionWithPositiveNumbers" time="0.062" classname="assignment05.project_calculator_christianh.CalculatorBasicOperationsTest"/>
  <testcase name="testDivisionWithPositiveNumbers" time="0.117" classname="assignment05.project_calculator_christianh.CalculatorBasicOperationsTest"/>
  <testcase name="testSubtractionWithPositiveNumbers" time="0.117" classname="assignment05.project_calculator_christianh.CalculatorBasicOperationsTest"/>
  <testcase name="testDivisionWithNegativeNumbers" time="0.085" classname="assignment05.project_calculator_christianh.CalculatorBasicOperationsTest"/>
  <testcase name="testDivisionWithZeros" time="0.092" classname="assignment05.project_calculator_christianh.CalculatorBasicOperationsTest"/>
  <testcase name="testAdditionWithZero" time="0.118" classname="assignment05.project_calculator_christianh.CalculatorBasicOperationsTest"/>
  <testcase name="testMultiplicationWithZeros" time="0.135" classname="assignment05.project_calculator_christianh.CalculatorBasicOperationsTest"/>
  <testcase name="testSubtractionWithNegativeNumbers" time="0.095" classname="assignment05.project_calculator_christianh.CalculatorBasicOperationsTest"/>
</testsuite> <!-- assignment05.project_calculator_christianh.CalculatorBasicOperationsTest -->
