<?xml version="1.0" encoding="UTF-8"?>
<!-- Generated by org.testng.reporters.JUnitReportReporter -->
<testsuite hostname="christian-VirtualBox" name="assignment05.project_calculator_christianh.CalculatorAdvancedOperationsTest" tests="17" failures="0" timestamp="14 Dec 2017 14:47:36 GMT" time="0.855" errors="0">
  <testcase name="testLogWithNegativeNumbers" time="0.043" classname="assignment05.project_calculator_christianh.CalculatorAdvancedOperationsTest"/>
  <testcase name="testSquareWithPositiveNumbers" time="0.045" classname="assignment05.project_calculator_christianh.CalculatorAdvancedOperationsTest"/>
  <testcase name="testabsoluteValueWithZeros" time="0.042" classname="assignment05.project_calculator_christianh.CalculatorAdvancedOperationsTest"/>
  <testcase name="testtoRadiansWithZeros" time="0.042" classname="assignment05.project_calculator_christianh.CalculatorAdvancedOperationsTest"/>
  <testcase name="testSquareWithZeros" time="0.049" classname="assignment05.project_calculator_christianh.CalculatorAdvancedOperationsTest"/>
  <testcase name="testabsoluteValueWithPositiveNumbers" time="0.053" classname="assignment05.project_calculator_christianh.CalculatorAdvancedOperationsTest"/>
  <testcase name="testabsoluteValueWithNegativeNumbers" time="0.031" classname="assignment05.project_calculator_christianh.CalculatorAdvancedOperationsTest"/>
  <testcase name="testRandomWithPositiveNumbers" time="0.058" classname="assignment05.project_calculator_christianh.CalculatorAdvancedOperationsTest"/>
  <testcase name="testtoDegreesWithPositiveNumbers" time="0.063" classname="assignment05.project_calculator_christianh.CalculatorAdvancedOperationsTest"/>
  <testcase name="testtoRadiansWithPositiveNumbers" time="0.063" classname="assignment05.project_calculator_christianh.CalculatorAdvancedOperationsTest"/>
  <testcase name="testRandomWithNegativeNumbers" time="0.057" classname="assignment05.project_calculator_christianh.CalculatorAdvancedOperationsTest"/>
  <testcase name="testtoRadiansWithNegativeNumbers" time="0.049" classname="assignment05.project_calculator_christianh.CalculatorAdvancedOperationsTest"/>
  <testcase name="testLogWithPositiveNumbers" time="0.043" classname="assignment05.project_calculator_christianh.CalculatorAdvancedOperationsTest"/>
  <testcase name="testSquareWithNegativeNumbers" time="0.033" classname="assignment05.project_calculator_christianh.CalculatorAdvancedOperationsTest"/>
  <testcase name="testRandomWithZeros" time="0.091" classname="assignment05.project_calculator_christianh.CalculatorAdvancedOperationsTest"/>
  <testcase name="testtoDegreesWithZeros" time="0.044" classname="assignment05.project_calculator_christianh.CalculatorAdvancedOperationsTest"/>
  <testcase name="testtoDegreesWithNegativeNumbers" time="0.049" classname="assignment05.project_calculator_christianh.CalculatorAdvancedOperationsTest"/>
</testsuite> <!-- assignment05.project_calculator_christianh.CalculatorAdvancedOperationsTest -->
