<?xml version="1.0" encoding="UTF-8"?>
<!-- Generated by org.testng.reporters.JUnitReportReporter -->
<testsuite hostname="christian-VirtualBox" name="assignment05.project_calculator_christianh.CalculatorAdvancedOperationsTest" tests="17" failures="0" timestamp="12 Dec 2017 16:55:11 GMT" time="0.836" errors="0">
  <testcase name="testRandomWithPositiveNumbers" time="0.083" classname="assignment05.project_calculator_christianh.CalculatorAdvancedOperationsTest"/>
  <testcase name="testRandomWithZeros" time="0.035" classname="assignment05.project_calculator_christianh.CalculatorAdvancedOperationsTest"/>
  <testcase name="testabsoluteValueWithPositiveNumbers" time="0.049" classname="assignment05.project_calculator_christianh.CalculatorAdvancedOperationsTest"/>
  <testcase name="testtoRadiansWithNegativeNumbers" time="0.038" classname="assignment05.project_calculator_christianh.CalculatorAdvancedOperationsTest"/>
  <testcase name="testLogWithPositiveNumbers" time="0.060" classname="assignment05.project_calculator_christianh.CalculatorAdvancedOperationsTest"/>
  <testcase name="testLogWithNegativeNumbers" time="0.053" classname="assignment05.project_calculator_christianh.CalculatorAdvancedOperationsTest"/>
  <testcase name="testtoDegreesWithPositiveNumbers" time="0.033" classname="assignment05.project_calculator_christianh.CalculatorAdvancedOperationsTest"/>
  <testcase name="testRandomWithNegativeNumbers" time="0.063" classname="assignment05.project_calculator_christianh.CalculatorAdvancedOperationsTest"/>
  <testcase name="testtoDegreesWithNegativeNumbers" time="0.052" classname="assignment05.project_calculator_christianh.CalculatorAdvancedOperationsTest"/>
  <testcase name="testtoDegreesWithZeros" time="0.053" classname="assignment05.project_calculator_christianh.CalculatorAdvancedOperationsTest"/>
  <testcase name="testSquareWithPositiveNumbers" time="0.041" classname="assignment05.project_calculator_christianh.CalculatorAdvancedOperationsTest"/>
  <testcase name="testabsoluteValueWithZeros" time="0.031" classname="assignment05.project_calculator_christianh.CalculatorAdvancedOperationsTest"/>
  <testcase name="testtoRadiansWithPositiveNumbers" time="0.073" classname="assignment05.project_calculator_christianh.CalculatorAdvancedOperationsTest"/>
  <testcase name="testabsoluteValueWithNegativeNumbers" time="0.052" classname="assignment05.project_calculator_christianh.CalculatorAdvancedOperationsTest"/>
  <testcase name="testSquareWithZeros" time="0.043" classname="assignment05.project_calculator_christianh.CalculatorAdvancedOperationsTest"/>
  <testcase name="testtoRadiansWithZeros" time="0.051" classname="assignment05.project_calculator_christianh.CalculatorAdvancedOperationsTest"/>
  <testcase name="testSquareWithNegativeNumbers" time="0.026" classname="assignment05.project_calculator_christianh.CalculatorAdvancedOperationsTest"/>
</testsuite> <!-- assignment05.project_calculator_christianh.CalculatorAdvancedOperationsTest -->
