<?xml version="1.0" encoding="UTF-8"?>
<!-- Generated by org.testng.reporters.JUnitReportReporter -->
<testsuite hostname="christian-VirtualBox" name="assignment05.project_calculator_christianh.CalculatorBasicOperationsTest" tests="12" failures="0" timestamp="14 Dec 2017 14:47:36 GMT" time="1.739" errors="0">
  <testcase name="testAdditionWithNegativeNumbers" time="0.065" classname="assignment05.project_calculator_christianh.CalculatorBasicOperationsTest"/>
  <testcase name="testMultiplicationWithNegativeNumbers" time="0.419" classname="assignment05.project_calculator_christianh.CalculatorBasicOperationsTest"/>
  <testcase name="testMultiplicationWithPositiveNumbers" time="0.084" classname="assignment05.project_calculator_christianh.CalculatorBasicOperationsTest"/>
  <testcase name="testSubtractionWithZero" time="0.266" classname="assignment05.project_calculator_christianh.CalculatorBasicOperationsTest"/>
  <testcase name="testAdditionWithPositiveNumbers" time="0.057" classname="assignment05.project_calculator_christianh.CalculatorBasicOperationsTest"/>
  <testcase name="testDivisionWithPositiveNumbers" time="0.136" classname="assignment05.project_calculator_christianh.CalculatorBasicOperationsTest"/>
  <testcase name="testSubtractionWithPositiveNumbers" time="0.117" classname="assignment05.project_calculator_christianh.CalculatorBasicOperationsTest"/>
  <testcase name="testDivisionWithNegativeNumbers" time="0.108" classname="assignment05.project_calculator_christianh.CalculatorBasicOperationsTest"/>
  <testcase name="testDivisionWithZeros" time="0.146" classname="assignment05.project_calculator_christianh.CalculatorBasicOperationsTest"/>
  <testcase name="testAdditionWithZero" time="0.126" classname="assignment05.project_calculator_christianh.CalculatorBasicOperationsTest"/>
  <testcase name="testMultiplicationWithZeros" time="0.156" classname="assignment05.project_calculator_christianh.CalculatorBasicOperationsTest"/>
  <testcase name="testSubtractionWithNegativeNumbers" time="0.059" classname="assignment05.project_calculator_christianh.CalculatorBasicOperationsTest"/>
</testsuite> <!-- assignment05.project_calculator_christianh.CalculatorBasicOperationsTest -->
